# JRE version: OpenJDK Runtime Environment (8.0_152-b02) (build 1.8.0_152-release-1024-b02)
# Java VM: OpenJDK 64-Bit Server VM (25.152-b02 mixed mode windows-amd64 compressed oops)
Heap:
 PSYoungGen      total 382464K, used 105065K [0x00000000e0000000, 0x00000000fbd80000, 0x0000000100000000)
  eden space 330240K, 22% used [0x00000000e0000000,0x00000000e4866d70,0x00000000f4280000)
  from space 52224K, 59% used [0x00000000f4280000,0x00000000f60b3a50,0x00000000f7580000)
  to   space 52224K, 0% used [0x00000000f8a80000,0x00000000f8a80000,0x00000000fbd80000)
 ParOldGen       total 208896K, used 81495K [0x00000000a0000000, 0x00000000acc00000, 0x00000000e0000000)
  object space 208896K, 39% used [0x00000000a0000000,0x00000000a4f95c98,0x00000000acc00000)
 Metaspace       used 133793K, capacity 140798K, committed 140928K, reserved 1171456K
  class space    used 17270K, capacity 18764K, committed 18816K, reserved 1048576K
GC Heap History (10 events):
Event: 1144.632 GC heap before
{Heap before GC invocations=21 (full 4):
 PSYoungGen      total 311808K, used 308369K [0x00000000e0000000, 0x00000000f5600000, 0x0000000100000000)
  eden space 287744K, 100% used [0x00000000e0000000,0x00000000f1900000,0x00000000f1900000)
  from space 24064K, 85% used [0x00000000f3e00000,0x00000000f5224748,0x00000000f5580000)
  to   space 31232K, 0% used [0x00000000f1900000,0x00000000f1900000,0x00000000f3780000)
 ParOldGen       total 208896K, used 62184K [0x00000000a0000000, 0x00000000acc00000, 0x00000000e0000000)
  object space 208896K, 29% used [0x00000000a0000000,0x00000000a3cba1d8,0x00000000acc00000)
 Metaspace       used 111744K, capacity 116938K, committed 117120K, reserved 1150976K
  class space    used 14498K, capacity 15647K, committed 15744K, reserved 1048576K
Event: 1144.657 GC heap after
Heap after GC invocations=21 (full 4):
 PSYoungGen      total 318976K, used 28696K [0x00000000e0000000, 0x00000000f7500000, 0x0000000100000000)
  eden space 287744K, 0% used [0x00000000e0000000,0x00000000e0000000,0x00000000f1900000)
  from space 31232K, 91% used [0x00000000f1900000,0x00000000f3506158,0x00000000f3780000)
  to   space 34816K, 0% used [0x00000000f5300000,0x00000000f5300000,0x00000000f7500000)
 ParOldGen       total 208896K, used 62192K [0x00000000a0000000, 0x00000000acc00000, 0x00000000e0000000)
  object space 208896K, 29% used [0x00000000a0000000,0x00000000a3cbc1d8,0x00000000acc00000)
 Metaspace       used 111744K, capacity 116938K, committed 117120K, reserved 1150976K
  class space    used 14498K, capacity 15647K, committed 15744K, reserved 1048576K
}
Event: 1147.166 GC heap before
{Heap before GC invocations=22 (full 4):
 PSYoungGen      total 318976K, used 316440K [0x00000000e0000000, 0x00000000f7500000, 0x0000000100000000)
  eden space 287744K, 100% used [0x00000000e0000000,0x00000000f1900000,0x00000000f1900000)
  from space 31232K, 91% used [0x00000000f1900000,0x00000000f3506158,0x00000000f3780000)
  to   space 34816K, 0% used [0x00000000f5300000,0x00000000f5300000,0x00000000f7500000)
 ParOldGen       total 208896K, used 62192K [0x00000000a0000000, 0x00000000acc00000, 0x00000000e0000000)
  object space 208896K, 29% used [0x00000000a0000000,0x00000000a3cbc1d8,0x00000000acc00000)
 Metaspace       used 120764K, capacity 126326K, committed 126592K, reserved 1159168K
  class space    used 15672K, capacity 16909K, committed 17024K, reserved 1048576K
Event: 1147.212 GC heap after
Heap after GC invocations=22 (full 4):
 PSYoungGen      total 339968K, used 34795K [0x00000000e0000000, 0x00000000f8d80000, 0x0000000100000000)
  eden space 305152K, 0% used [0x00000000e0000000,0x00000000e0000000,0x00000000f2a00000)
  from space 34816K, 99% used [0x00000000f5300000,0x00000000f74fafa8,0x00000000f7500000)
  to   space 41984K, 0% used [0x00000000f2a00000,0x00000000f2a00000,0x00000000f5300000)
 ParOldGen       total 208896K, used 69086K [0x00000000a0000000, 0x00000000acc00000, 0x00000000e0000000)
  object space 208896K, 33% used [0x00000000a0000000,0x00000000a43778b0,0x00000000acc00000)
 Metaspace       used 120764K, capacity 126326K, committed 126592K, reserved 1159168K
  class space    used 15672K, capacity 16909K, committed 17024K, reserved 1048576K
}
Event: 2032.864 GC heap before
{Heap before GC invocations=23 (full 4):
 PSYoungGen      total 339968K, used 339947K [0x00000000e0000000, 0x00000000f8d80000, 0x0000000100000000)
  eden space 305152K, 100% used [0x00000000e0000000,0x00000000f2a00000,0x00000000f2a00000)
  from space 34816K, 99% used [0x00000000f5300000,0x00000000f74fafa8,0x00000000f7500000)
  to   space 41984K, 0% used [0x00000000f2a00000,0x00000000f2a00000,0x00000000f5300000)
 ParOldGen       total 208896K, used 69086K [0x00000000a0000000, 0x00000000acc00000, 0x00000000e0000000)
  object space 208896K, 33% used [0x00000000a0000000,0x00000000a43778b0,0x00000000acc00000)
 Metaspace       used 128917K, capacity 135294K, committed 135552K, reserved 1167360K
  class space    used 16624K, capacity 17990K, committed 18048K, reserved 1048576K
Event: 2032.892 GC heap after
Heap after GC invocations=23 (full 4):
 PSYoungGen      total 347136K, used 41952K [0x00000000e0000000, 0x00000000faa00000, 0x0000000100000000)
  eden space 305152K, 0% used [0x00000000e0000000,0x00000000e0000000,0x00000000f2a00000)
  from space 41984K, 99% used [0x00000000f2a00000,0x00000000f52f82d0,0x00000000f5300000)
  to   space 50176K, 0% used [0x00000000f7900000,0x00000000f7900000,0x00000000faa00000)
 ParOldGen       total 208896K, used 74452K [0x00000000a0000000, 0x00000000acc00000, 0x00000000e0000000)
  object space 208896K, 35% used [0x00000000a0000000,0x00000000a48b5268,0x00000000acc00000)
 Metaspace       used 128917K, capacity 135294K, committed 135552K, reserved 1167360K
  class space    used 16624K, capacity 17990K, committed 18048K, reserved 1048576K
}
Event: 2097.095 GC heap before
{Heap before GC invocations=24 (full 4):
 PSYoungGen      total 347136K, used 347104K [0x00000000e0000000, 0x00000000faa00000, 0x0000000100000000)
  eden space 305152K, 100% used [0x00000000e0000000,0x00000000f2a00000,0x00000000f2a00000)
  from space 41984K, 99% used [0x00000000f2a00000,0x00000000f52f82d0,0x00000000f5300000)
  to   space 50176K, 0% used [0x00000000f7900000,0x00000000f7900000,0x00000000faa00000)
 ParOldGen       total 208896K, used 74452K [0x00000000a0000000, 0x00000000acc00000, 0x00000000e0000000)
  object space 208896K, 35% used [0x00000000a0000000,0x00000000a48b5268,0x00000000acc00000)
 Metaspace       used 133065K, capacity 139810K, committed 140032K, reserved 1171456K
  class space    used 17200K, capacity 18612K, committed 18688K, reserved 1048576K
Event: 2097.126 GC heap after
Heap after GC invocations=24 (full 4):
 PSYoungGen      total 378880K, used 35120K [0x00000000e0000000, 0x00000000fa880000, 0x0000000100000000)
  eden space 330240K, 0% used [0x00000000e0000000,0x00000000e0000000,0x00000000f4280000)
  from space 48640K, 72% used [0x00000000f7900000,0x00000000f9b4c348,0x00000000fa880000)
  to   space 52224K, 0% used [0x00000000f4280000,0x00000000f4280000,0x00000000f7580000)
 ParOldGen       total 208896K, used 81487K [0x00000000a0000000, 0x00000000acc00000, 0x00000000e0000000)
  object space 208896K, 39% used [0x00000000a0000000,0x00000000a4f93c98,0x00000000acc00000)
 Metaspace       used 133065K, capacity 139810K, committed 140032K, reserved 1171456K
  class space    used 17200K, capacity 18612K, committed 18688K, reserved 1048576K
}
Event: 2155.358 GC heap before
{Heap before GC invocations=25 (full 4):
 PSYoungGen      total 378880K, used 365360K [0x00000000e0000000, 0x00000000fa880000, 0x0000000100000000)
  eden space 330240K, 100% used [0x00000000e0000000,0x00000000f4280000,0x00000000f4280000)
  from space 48640K, 72% used [0x00000000f7900000,0x00000000f9b4c348,0x00000000fa880000)
  to   space 52224K, 0% used [0x00000000f4280000,0x00000000f4280000,0x00000000f7580000)
 ParOldGen       total 208896K, used 81487K [0x00000000a0000000, 0x00000000acc00000, 0x00000000e0000000)
  object space 208896K, 39% used [0x00000000a0000000,0x00000000a4f93c98,0x00000000acc00000)
 Metaspace       used 133552K, capacity 140608K, committed 140928K, reserved 1171456K
  class space    used 17251K, capacity 18727K, committed 18816K, reserved 1048576K
Event: 2155.375 GC heap after
Heap after GC invocations=25 (full 4):
 PSYoungGen      total 382464K, used 30926K [0x00000000e0000000, 0x00000000fbd80000, 0x0000000100000000)
  eden space 330240K, 0% used [0x00000000e0000000,0x00000000e0000000,0x00000000f4280000)
  from space 52224K, 59% used [0x00000000f4280000,0x00000000f60b3a50,0x00000000f7580000)
  to   space 52224K, 0% used [0x00000000f8a80000,0x00000000f8a80000,0x00000000fbd80000)
 ParOldGen       total 208896K, used 81495K [0x00000000a0000000, 0x00000000acc00000, 0x00000000e0000000)
  object space 208896K, 39% used [0x00000000a0000000,0x00000000a4f95c98,0x00000000acc00000)
 Metaspace       used 133552K, capacity 140608K, committed 140928K, reserved 1171456K
  class space    used 17251K, capacity 18727K, committed 18816K, reserved 1048576K
}

